<?xml version="1.0" encoding="UTF-8"?>
<testng-results ignored="0" total="1" passed="1" failed="0" skipped="0">
  <reporter-output>
  </reporter-output>
  <suite started-at="2023-05-12T12:10:06 IST" name="Suite" finished-at="2023-05-12T12:10:06 IST" duration-ms="0">
    <groups>
    </groups>
  </suite> <!-- Suite -->
  <suite started-at="2023-05-12T12:09:26 IST" name="Suite (0)" finished-at="2023-05-12T12:10:04 IST" duration-ms="37646">
    <groups>
    </groups>
    <test started-at="2023-05-12T12:09:26 IST" name="ChromeTest" finished-at="2023-05-12T12:10:04 IST" duration-ms="37646">
      <class name="com.tests.TestLoginTC001">
        <test-method is-config="true" signature="openBrowser(java.lang.String)[pri:0, instance:com.tests.TestLoginTC001@6b5966e1]" started-at="2023-05-12T12:09:26 IST" name="openBrowser" finished-at="2023-05-12T12:09:53 IST" duration-ms="27042" status="PASS">
          <params>
            <param index="0">
              <value>
                <![CDATA[chrome]]>
              </value>
            </param>
          </params>
          <reporter-output>
          </reporter-output>
        </test-method> <!-- openBrowser -->
        <test-method signature="testLoginFB()[pri:0, instance:com.tests.TestLoginTC001@6b5966e1]" started-at="2023-05-12T12:09:53 IST" name="testLoginFB" finished-at="2023-05-12T12:10:03 IST" duration-ms="9051" status="PASS">
          <reporter-output>
          </reporter-output>
        </test-method> <!-- testLoginFB -->
        <test-method is-config="true" signature="closeBrowser()[pri:0, instance:com.tests.TestLoginTC001@6b5966e1]" started-at="2023-05-12T12:10:03 IST" name="closeBrowser" finished-at="2023-05-12T12:10:04 IST" duration-ms="1458" status="PASS">
          <reporter-output>
          </reporter-output>
        </test-method> <!-- closeBrowser -->
      </class> <!-- com.tests.TestLoginTC001 -->
    </test> <!-- ChromeTest -->
  </suite> <!-- Suite (0) -->
</testng-results>
